<?xml version="1.0" encoding="UTF-8" ?>
<testsuite errors="0" failures="0" hostname="cfc-windows" name="br.com.k21.TestCalculadoraComissao" tests="5" time="0.26" timestamp="2014-05-12T13:40:54">
  <properties>
[...]
</properties>
  <testcase classname="br.com.k21.TestCalculadoraComissao" name="entrandoComValorDe10000ReaisEsperaSeComissaoDe500Reais" time="0.038" />
  <testcase classname="br.com.k21.TestCalculadoraComissao" name="entrandoComValorDe200ReaisEsperaSeComissaoDe10Reais" time="0.0" />
  <testcase classname="br.com.k21.TestCalculadoraComissao" name="entrandoComValorDe100ReaisEsperaSeComissaoDe5Reais" time="0.001" />
  <testcase classname="br.com.k21.TestCalculadoraComissao" name="entrandoComValorDe1RealEsperaSeComissaoDe5Centavos" time="0.001" />
  <testcase classname="br.com.k21.TestCalculadoraComissao" name="entrandoComValorDe1RealE50CentavosEsperaSeComissaoDe7Centavos" time="0.0" />
  <system-out><![CDATA[0.07
]]></system-out>
  <system-err><![CDATA[]]></system-err>
</testsuite>
